<?xml version="1.0" encoding="UTF-8"?>
<!-- Generated by org.testng.reporters.JUnitReportReporter -->
<testsuite hostname="IjasBincy" failures="0" tests="2" name="AmazonTest.NewTestCases" time="0.010" errors="0" timestamp="2024-06-19T19:50:50 IST" skipped="0">
  <testcase classname="AmazonTest.NewTestCases" name="tc04" time="0.009"/>
  <testcase classname="AmazonTest.NewTestCases" name="tc05" time="0.001"/>
</testsuite> <!-- AmazonTest.NewTestCases -->
