<?xml version="1.0" encoding="UTF-8"?>
<!-- Generated by org.testng.reporters.JUnitReportReporter -->
<testsuite hostname="IjasBincy" failures="0" tests="2" name="AmazonTest.AmazonTestCases" time="44.664" errors="0" timestamp="2024-06-18T07:21:26 IST" skipped="0">
  <testcase classname="AmazonTest.AmazonTestCases" name="tc04" time="25.285"/>
  <testcase classname="AmazonTest.AmazonTestCases" name="tc04" time="19.379"/>
</testsuite> <!-- AmazonTest.AmazonTestCases -->
